
UNRELEASED

  * cli: add dl-assets command
  * gh: Add methods to list public releases/assets and download asset

  - mh-cbon <mh-cbon@users.noreply.github.com>

-- mh-cbon <mh-cbon@users.noreply.github.com>; Wed, 27 Jul 2016 15:59:26 +0200



2.0.0

  * [break] gh.CreateRelease: add new body argument to sets the body content of the release
  * create-release: add changelog,c argument
  * release: add changelog command to the creation of the release
  * stringexec: add dependency

  - mh-cbon <mh-cbon@users.noreply.github.com>

-- mh-cbon <mh-cbon@users.noreply.github.com>; Wed, 27 Jul 2016 13:01:49 +0200



1.0.2

  * github: update to latest github.com/google/go-github
  * glide: fix missing semver dependency
  * appveyor: fix indentation

  - mh-cbon <mh-cbon@users.noreply.github.com>

-- mh-cbon <mh-cbon@users.noreply.github.com>; Fri, 22 Jul 2016 14:37:17 +0200



1.0.1

  * empty: trigger ci build

  - mh-cbon <mh-cbon@users.noreply.github.com>

-- mh-cbon <mh-cbon@users.noreply.github.com>; Fri, 22 Jul 2016 14:25:49 +0200



1.0.0

  * create-release command: change --draft arg to take a string value (yes|no)
  * glide: fix package name
  * release: update release script

  - mh-cbon <mh-cbon@users.noreply.github.com>

-- mh-cbon <mh-cbon@users.noreply.github.com>; Fri, 22 Jul 2016 14:12:55 +0200



0.0.3

  * Improve release scripts
  * pass build
  * Improve assets ulpoading

  - mh-cbon <mh-cbon@users.noreply.github.com>

-- mh-cbon <mh-cbon@users.noreply.github.com>; Thu, 16 Jun 2016 21:30:14 +0200



0.0.2

  * add publish script
  * fix wrong imports
  * README
  * add release commands

  - mh-cbon <mh-cbon@users.noreply.github.com>

-- mh-cbon <mh-cbon@users.noreply.github.com>; Wed, 15 Jun 2016 13:00:38 +0200



0.0.1

  * Initial release

  - mh-cbon <mh-cbon@users.noreply.github.com>

-- mh-cbon <mh-cbon@users.noreply.github.com>; Tue, 14 Jun 2016 18:46:40 +0200
